<?xml version="1.0" encoding="UTF-8"?>
<!-- Generated by org.testng.reporters.JUnitReportReporter -->
<testsuite skipped="0" hostname="Mingmas-Air.cable.rcn.com" name="com.expertautomationteam.BasiccomponentsTest" tests="2" failures="0" timestamp="26 Jun 2022 22:19:20 GMT" time="22.729" errors="0">
  <testcase name="test1" time="8.729" classname="com.expertautomationteam.BasiccomponentsTest"/>
  <testcase name="test2" time="14.000" classname="com.expertautomationteam.BasiccomponentsTest"/>
</testsuite> <!-- com.expertautomationteam.BasiccomponentsTest -->
